Console Errors Log
======================================================================
Generated: 1/7/2026, 11:43:35 AM
Total Errors: 73

[undefined] undefined: %c[UNEXPLAINED HP JUMP] color: #f0f; font-weight: bold; HP jumped by 33.9 but regen only accounts for 0.0 UNEXPLAINED: 33.9

[undefined] undefined: %c[UNEXPLAINED HP JUMP] color: #f0f; font-weight: bold; HP jumped by 68.2 but regen only accounts for 0.0 UNEXPLAINED: 68.2

[undefined] undefined: %c[UNEXPLAINED HP JUMP] color: #f0f; font-weight: bold; HP jumped by 34.1 but regen only accounts for 0.0 UNEXPLAINED: 34.1

[undefined] undefined: %c[UNEXPLAINED HP JUMP] color: #f0f; font-weight: bold; HP jumped by 68.2 but regen only accounts for 0.0 UNEXPLAINED: 68.2

[undefined] undefined: %c[UNEXPLAINED HP JUMP] color: #f0f; font-weight: bold; HP jumped by 35.0 but regen only accounts for 0.0 UNEXPLAINED: 35.0

[undefined] undefined: %c[UNEXPLAINED HP JUMP] color: #f0f; font-weight: bold; HP jumped by 35.0 but regen only accounts for 0.0 UNEXPLAINED: 35.0

[undefined] undefined: %c[UNEXPLAINED HP JUMP] color: #f0f; font-weight: bold; HP jumped by 35.0 but regen only accounts for 0.0 UNEXPLAINED: 35.0

[undefined] undefined: %c[UNEXPLAINED HP JUMP] color: #f0f; font-weight: bold; HP jumped by 34.1 but regen only accounts for 0.0 UNEXPLAINED: 34.1

[undefined] undefined: %c[UNEXPLAINED HP JUMP] color: #f0f; font-weight: bold; HP jumped by 111.9 but regen only accounts for 0.0 UNEXPLAINED: 111.8

[undefined] undefined: %c[UNEXPLAINED HP JUMP] color: #f0f; font-weight: bold; HP jumped by 34.1 but regen only accounts for 0.0 UNEXPLAINED: 34.1

[undefined] undefined: %c[UNEXPLAINED HP JUMP] color: #f0f; font-weight: bold; HP jumped by 34.1 but regen only accounts for 0.0 UNEXPLAINED: 34.1

[undefined] undefined: %c[UNEXPLAINED HP JUMP] color: #f0f; font-weight: bold; HP jumped by 34.1 but regen only accounts for 0.0 UNEXPLAINED: 34.1

[undefined] undefined: %c[UNEXPLAINED HP JUMP] color: #f0f; font-weight: bold; HP jumped by 34.1 but regen only accounts for 0.0 UNEXPLAINED: 34.1

[undefined] undefined: %c[UNEXPLAINED HP JUMP] color: #f0f; font-weight: bold; HP jumped by 68.2 but regen only accounts for 0.0 UNEXPLAINED: 68.2

[undefined] undefined: %c[UNEXPLAINED HP JUMP] color: #f0f; font-weight: bold; HP jumped by 34.1 but regen only accounts for 0.0 UNEXPLAINED: 34.1

[undefined] undefined: %c[UNEXPLAINED HP JUMP] color: #f0f; font-weight: bold; HP jumped by 34.1 but regen only accounts for 0.0 UNEXPLAINED: 34.1

[undefined] undefined: %c[UNEXPLAINED HP JUMP] color: #f0f; font-weight: bold; HP jumped by 34.1 but regen only accounts for 0.0 UNEXPLAINED: 34.1

[undefined] undefined: %c[UNEXPLAINED HP JUMP] color: #f0f; font-weight: bold; HP jumped by 34.1 but regen only accounts for 0.0 UNEXPLAINED: 34.1

[undefined] undefined: %c[UNEXPLAINED HP JUMP] color: #f0f; font-weight: bold; HP jumped by 34.1 but regen only accounts for 0.0 UNEXPLAINED: 34.1

[undefined] undefined: %c[UNEXPLAINED HP JUMP] color: #f0f; font-weight: bold; HP jumped by 34.1 but regen only accounts for 0.0 UNEXPLAINED: 34.1

[undefined] undefined: %c[UNEXPLAINED HP JUMP] color: #f0f; font-weight: bold; HP jumped by 34.1 but regen only accounts for 0.0 UNEXPLAINED: 34.1

[undefined] undefined: %c[UNEXPLAINED HP JUMP] color: #f0f; font-weight: bold; HP jumped by 34.1 but regen only accounts for 0.0 UNEXPLAINED: 34.1

[undefined] undefined: %c[UNEXPLAINED HP JUMP] color: #f0f; font-weight: bold; HP jumped by 34.1 but regen only accounts for 0.0 UNEXPLAINED: 34.1

[undefined] undefined: %c[UNEXPLAINED HP JUMP] color: #f0f; font-weight: bold; HP jumped by 34.1 but regen only accounts for 0.0 UNEXPLAINED: 34.1

[undefined] undefined: %c[UNEXPLAINED HP JUMP] color: #f0f; font-weight: bold; HP jumped by 34.1 but regen only accounts for 0.0 UNEXPLAINED: 34.1

[undefined] undefined: %c[UNEXPLAINED HP JUMP] color: #f0f; font-weight: bold; HP jumped by 34.1 but regen only accounts for 0.0 UNEXPLAINED: 34.1

[undefined] undefined: %c[UNEXPLAINED HP JUMP] color: #f0f; font-weight: bold; HP jumped by 35.0 but regen only accounts for 0.0 UNEXPLAINED: 35.0

[undefined] undefined: %c[UNEXPLAINED HP JUMP] color: #f0f; font-weight: bold; HP jumped by 34.1 but regen only accounts for 0.0 UNEXPLAINED: 34.1

[undefined] undefined: %c[UNEXPLAINED HP JUMP] color: #f0f; font-weight: bold; HP jumped by 34.1 but regen only accounts for 0.0 UNEXPLAINED: 34.1

[undefined] undefined: %c[UNEXPLAINED HP JUMP] color: #f0f; font-weight: bold; HP jumped by 69.1 but regen only accounts for 0.0 UNEXPLAINED: 69.1

[undefined] undefined: %c[UNEXPLAINED HP JUMP] color: #f0f; font-weight: bold; HP jumped by 49.7 but regen only accounts for 0.0 UNEXPLAINED: 49.7

[undefined] undefined: %c[UNEXPLAINED HP JUMP] color: #f0f; font-weight: bold; HP jumped by 34.1 but regen only accounts for 0.0 UNEXPLAINED: 34.1

[undefined] undefined: %c[UNEXPLAINED HP JUMP] color: #f0f; font-weight: bold; HP jumped by 34.1 but regen only accounts for 0.0 UNEXPLAINED: 34.1

[undefined] undefined: %c[UNEXPLAINED HP JUMP] color: #f0f; font-weight: bold; HP jumped by 35.0 but regen only accounts for 0.0 UNEXPLAINED: 35.0

[undefined] undefined: %c[UNEXPLAINED HP JUMP] color: #f0f; font-weight: bold; HP jumped by 34.1 but regen only accounts for 0.0 UNEXPLAINED: 34.1

[undefined] undefined: %c[UNEXPLAINED HP JUMP] color: #f0f; font-weight: bold; HP jumped by 35.0 but regen only accounts for 0.0 UNEXPLAINED: 35.0

[undefined] undefined: %c[UNEXPLAINED HP JUMP] color: #f0f; font-weight: bold; HP jumped by 35.0 but regen only accounts for 0.0 UNEXPLAINED: 35.0

[undefined] undefined: %c[UNEXPLAINED HP JUMP] color: #f0f; font-weight: bold; HP jumped by 34.1 but regen only accounts for 0.0 UNEXPLAINED: 34.1

[undefined] undefined: %c[UNEXPLAINED HP JUMP] color: #f0f; font-weight: bold; HP jumped by 34.1 but regen only accounts for 0.0 UNEXPLAINED: 34.1

[undefined] undefined: %c[UNEXPLAINED HP JUMP] color: #f0f; font-weight: bold; HP jumped by 34.1 but regen only accounts for 0.0 UNEXPLAINED: 34.1

[undefined] undefined: %c[UNEXPLAINED HP JUMP] color: #f0f; font-weight: bold; HP jumped by 17.0 but regen only accounts for 0.0 UNEXPLAINED: 17.0

[undefined] undefined: %c[UNEXPLAINED HP JUMP] color: #f0f; font-weight: bold; HP jumped by 34.1 but regen only accounts for 0.0 UNEXPLAINED: 34.1

[undefined] undefined: %c[UNEXPLAINED HP JUMP] color: #f0f; font-weight: bold; HP jumped by 34.1 but regen only accounts for 0.0 UNEXPLAINED: 34.1

[undefined] undefined: %c[UNEXPLAINED HP JUMP] color: #f0f; font-weight: bold; HP jumped by 35.0 but regen only accounts for 0.0 UNEXPLAINED: 35.0

[undefined] undefined: %c[UNEXPLAINED HP JUMP] color: #f0f; font-weight: bold; HP jumped by 34.1 but regen only accounts for 0.0 UNEXPLAINED: 34.1

[undefined] undefined: %c[UNEXPLAINED HP JUMP] color: #f0f; font-weight: bold; HP jumped by 24.5 but regen only accounts for 0.0 UNEXPLAINED: 24.5

[undefined] undefined: %c[UNEXPLAINED HP JUMP] color: #f0f; font-weight: bold; HP jumped by 55.7 but regen only accounts for 0.0 UNEXPLAINED: 55.6

[undefined] undefined: %c[UNEXPLAINED HP JUMP] color: #f0f; font-weight: bold; HP jumped by 35.0 but regen only accounts for 0.0 UNEXPLAINED: 35.0

[undefined] undefined: %c[UNEXPLAINED HP JUMP] color: #f0f; font-weight: bold; HP jumped by 34.1 but regen only accounts for 0.0 UNEXPLAINED: 34.1

[undefined] undefined: %c[UNEXPLAINED HP JUMP] color: #f0f; font-weight: bold; HP jumped by 35.0 but regen only accounts for 0.0 UNEXPLAINED: 35.0

[undefined] undefined: %c[UNEXPLAINED HP JUMP] color: #f0f; font-weight: bold; HP jumped by 40.7 but regen only accounts for 0.0 UNEXPLAINED: 40.7

[undefined] undefined: %c[UNEXPLAINED HP JUMP] color: #f0f; font-weight: bold; HP jumped by 34.1 but regen only accounts for 0.0 UNEXPLAINED: 34.1

[undefined] undefined: %c[UNEXPLAINED HP JUMP] color: #f0f; font-weight: bold; HP jumped by 35.0 but regen only accounts for 0.0 UNEXPLAINED: 35.0

[undefined] undefined: %c[UNEXPLAINED HP JUMP] color: #f0f; font-weight: bold; HP jumped by 21.9 but regen only accounts for 0.0 UNEXPLAINED: 21.8

[undefined] undefined: %c[UNEXPLAINED HP JUMP] color: #f0f; font-weight: bold; HP jumped by 34.1 but regen only accounts for 0.0 UNEXPLAINED: 34.1

[undefined] undefined: %c[UNEXPLAINED HP JUMP] color: #f0f; font-weight: bold; HP jumped by 34.1 but regen only accounts for 0.0 UNEXPLAINED: 34.1

[undefined] undefined: %c[UNEXPLAINED HP JUMP] color: #f0f; font-weight: bold; HP jumped by 69.1 but regen only accounts for 0.0 UNEXPLAINED: 69.1

[undefined] undefined: %c[UNEXPLAINED HP JUMP] color: #f0f; font-weight: bold; HP jumped by 35.0 but regen only accounts for 0.0 UNEXPLAINED: 35.0

[undefined] undefined: %c[UNEXPLAINED HP JUMP] color: #f0f; font-weight: bold; HP jumped by 18.7 but regen only accounts for 0.0 UNEXPLAINED: 18.7

[undefined] undefined: %c[UNEXPLAINED HP JUMP] color: #f0f; font-weight: bold; HP jumped by 21.3 but regen only accounts for 0.0 UNEXPLAINED: 21.3

[undefined] undefined: %c[UNEXPLAINED HP JUMP] color: #f0f; font-weight: bold; HP jumped by 10.6 but regen only accounts for 0.0 UNEXPLAINED: 10.6

[undefined] undefined: %c[UNEXPLAINED HP JUMP] color: #f0f; font-weight: bold; HP jumped by 20.9 but regen only accounts for 0.0 UNEXPLAINED: 20.9

[undefined] undefined: %c[UNEXPLAINED HP JUMP] color: #f0f; font-weight: bold; HP jumped by 10.6 but regen only accounts for 0.0 UNEXPLAINED: 10.6

[undefined] undefined: %c[UNEXPLAINED HP JUMP] color: #f0f; font-weight: bold; HP jumped by 113.2 but regen only accounts for 0.0 UNEXPLAINED: 113.1

[undefined] undefined: %c[UNEXPLAINED HP JUMP] color: #f0f; font-weight: bold; HP jumped by 15.1 but regen only accounts for 0.0 UNEXPLAINED: 15.0

[undefined] undefined: %c[UNEXPLAINED HP JUMP] color: #f0f; font-weight: bold; HP jumped by 34.1 but regen only accounts for 0.0 UNEXPLAINED: 34.1

[undefined] undefined: %c[UNEXPLAINED HP JUMP] color: #f0f; font-weight: bold; HP jumped by 34.1 but regen only accounts for 0.0 UNEXPLAINED: 34.1

[undefined] undefined: %c[UNEXPLAINED HP JUMP] color: #f0f; font-weight: bold; HP jumped by 13.2 but regen only accounts for 0.0 UNEXPLAINED: 13.2

[undefined] undefined: %c[UNEXPLAINED HP JUMP] color: #f0f; font-weight: bold; HP jumped by 68.2 but regen only accounts for 0.0 UNEXPLAINED: 68.2

[undefined] undefined: %c[UNEXPLAINED HP JUMP] color: #f0f; font-weight: bold; HP jumped by 35.0 but regen only accounts for 0.0 UNEXPLAINED: 35.0

[undefined] undefined: %c[UNEXPLAINED HP JUMP] color: #f0f; font-weight: bold; HP jumped by 26.6 but regen only accounts for 0.0 UNEXPLAINED: 26.6

[undefined] undefined: %c[UNEXPLAINED HP JUMP] color: #f0f; font-weight: bold; HP jumped by 21.8 but regen only accounts for 0.0 UNEXPLAINED: 21.8

[undefined] undefined: %c[UNEXPLAINED HP JUMP] color: #f0f; font-weight: bold; HP jumped by 137.2 but regen only accounts for 0.0 UNEXPLAINED: 137.2

