Console Errors Log
======================================================================
Generated: 1/6/2026, 2:33:00 PM
Total Errors: 47

[undefined] undefined: %c[UNEXPLAINED HP JUMP] color: #f0f; font-weight: bold; HP jumped by 34.1 but regen only accounts for 0.0 UNEXPLAINED: 34.1

[undefined] undefined: %c[UNEXPLAINED HP JUMP] color: #f0f; font-weight: bold; HP jumped by 34.1 but regen only accounts for 0.0 UNEXPLAINED: 34.1

[undefined] undefined: %c[UNEXPLAINED HP JUMP] color: #f0f; font-weight: bold; HP jumped by 35.0 but regen only accounts for 0.0 UNEXPLAINED: 35.0

[undefined] undefined: %c[UNEXPLAINED HP JUMP] color: #f0f; font-weight: bold; HP jumped by 35.0 but regen only accounts for 0.0 UNEXPLAINED: 35.0

[undefined] undefined: %c[UNEXPLAINED HP JUMP] color: #f0f; font-weight: bold; HP jumped by 35.0 but regen only accounts for 0.0 UNEXPLAINED: 35.0

[undefined] undefined: %c[UNEXPLAINED HP JUMP] color: #f0f; font-weight: bold; HP jumped by 173.7 but regen only accounts for 0.0 UNEXPLAINED: 173.7

[undefined] undefined: %c[UNEXPLAINED HP JUMP] color: #f0f; font-weight: bold; HP jumped by 21.3 but regen only accounts for 0.0 UNEXPLAINED: 21.3

[undefined] undefined: %c[UNEXPLAINED HP JUMP] color: #f0f; font-weight: bold; HP jumped by 26.4 but regen only accounts for 0.0 UNEXPLAINED: 26.4

[undefined] undefined: %c[UNEXPLAINED HP JUMP] color: #f0f; font-weight: bold; HP jumped by 34.1 but regen only accounts for 0.0 UNEXPLAINED: 34.1

[undefined] undefined: %c[UNEXPLAINED HP JUMP] color: #f0f; font-weight: bold; HP jumped by 34.1 but regen only accounts for 0.0 UNEXPLAINED: 34.1

[undefined] undefined: %c[UNEXPLAINED HP JUMP] color: #f0f; font-weight: bold; HP jumped by 23.1 but regen only accounts for 0.0 UNEXPLAINED: 23.1

[undefined] undefined: %c[UNEXPLAINED HP JUMP] color: #f0f; font-weight: bold; HP jumped by 6.6 but regen only accounts for 0.0 UNEXPLAINED: 6.6

[undefined] undefined: %c[UNEXPLAINED HP JUMP] color: #f0f; font-weight: bold; HP jumped by 8.3 but regen only accounts for 0.0 UNEXPLAINED: 8.3

[undefined] undefined: %c[UNEXPLAINED HP JUMP] color: #f0f; font-weight: bold; HP jumped by 34.1 but regen only accounts for 0.0 UNEXPLAINED: 34.1

[undefined] undefined: %c[UNEXPLAINED HP JUMP] color: #f0f; font-weight: bold; HP jumped by 68.2 but regen only accounts for 0.0 UNEXPLAINED: 68.2

[undefined] undefined: %c[UNEXPLAINED HP JUMP] color: #f0f; font-weight: bold; HP jumped by 21.8 but regen only accounts for 0.0 UNEXPLAINED: 21.8

[undefined] undefined: %c[UNEXPLAINED HP JUMP] color: #f0f; font-weight: bold; HP jumped by 61.3 but regen only accounts for 0.0 UNEXPLAINED: 61.2

[undefined] undefined: %c[UNEXPLAINED HP JUMP] color: #f0f; font-weight: bold; HP jumped by 72.1 but regen only accounts for 0.0 UNEXPLAINED: 72.0

[undefined] undefined: %c[UNEXPLAINED HP JUMP] color: #f0f; font-weight: bold; HP jumped by 24.8 but regen only accounts for 0.0 UNEXPLAINED: 24.7

[undefined] undefined: %c[UNEXPLAINED HP JUMP] color: #f0f; font-weight: bold; HP jumped by 51.3 but regen only accounts for 0.0 UNEXPLAINED: 51.2

[undefined] undefined: %c[UNEXPLAINED HP JUMP] color: #f0f; font-weight: bold; HP jumped by 5.9 but regen only accounts for 0.0 UNEXPLAINED: 5.8

[undefined] undefined: %c[UNEXPLAINED HP JUMP] color: #f0f; font-weight: bold; HP jumped by 51.9 but regen only accounts for 0.0 UNEXPLAINED: 51.9

[undefined] undefined: %c[UNEXPLAINED HP JUMP] color: #f0f; font-weight: bold; HP jumped by 39.6 but regen only accounts for 0.0 UNEXPLAINED: 39.6

[undefined] undefined: %c[UNEXPLAINED HP JUMP] color: #f0f; font-weight: bold; HP jumped by 21.8 but regen only accounts for 0.0 UNEXPLAINED: 21.8

[undefined] undefined: %c[UNEXPLAINED HP JUMP] color: #f0f; font-weight: bold; HP jumped by 7.3 but regen only accounts for 0.0 UNEXPLAINED: 7.3

[undefined] undefined: %c[UNEXPLAINED HP JUMP] color: #f0f; font-weight: bold; HP jumped by 7.3 but regen only accounts for 0.1 UNEXPLAINED: 7.2

[undefined] undefined: %c[UNEXPLAINED HP JUMP] color: #f0f; font-weight: bold; HP jumped by 12.0 but regen only accounts for 0.0 UNEXPLAINED: 12.0

[undefined] undefined: %c[UNEXPLAINED HP JUMP] color: #f0f; font-weight: bold; HP jumped by 108.6 but regen only accounts for 0.1 UNEXPLAINED: 108.6

[undefined] undefined: %c[UNEXPLAINED HP JUMP] color: #f0f; font-weight: bold; HP jumped by 66.2 but regen only accounts for 0.1 UNEXPLAINED: 66.2

[undefined] undefined: %c[UNEXPLAINED HP JUMP] color: #f0f; font-weight: bold; HP jumped by 49.1 but regen only accounts for 0.0 UNEXPLAINED: 49.1

[undefined] undefined: %c[UNEXPLAINED HP JUMP] color: #f0f; font-weight: bold; HP jumped by 91.9 but regen only accounts for 0.1 UNEXPLAINED: 91.8

[undefined] undefined: %c[UNEXPLAINED HP JUMP] color: #f0f; font-weight: bold; HP jumped by 61.3 but regen only accounts for 0.0 UNEXPLAINED: 61.2

[undefined] undefined: %c[UNEXPLAINED HP JUMP] color: #f0f; font-weight: bold; HP jumped by 23.1 but regen only accounts for 0.1 UNEXPLAINED: 23.1

[undefined] undefined: %c[UNEXPLAINED HP JUMP] color: #f0f; font-weight: bold; HP jumped by 34.2 but regen only accounts for 0.1 UNEXPLAINED: 34.1

[undefined] undefined: %c[UNEXPLAINED HP JUMP] color: #f0f; font-weight: bold; HP jumped by 35.1 but regen only accounts for 0.1 UNEXPLAINED: 35.0

[undefined] undefined: %c[UNEXPLAINED HP JUMP] color: #f0f; font-weight: bold; HP jumped by 62.0 but regen only accounts for 0.1 UNEXPLAINED: 62.0

[undefined] undefined: %c[UNEXPLAINED HP JUMP] color: #f0f; font-weight: bold; HP jumped by 23.9 but regen only accounts for 0.1 UNEXPLAINED: 23.8

[undefined] undefined: %c[UNEXPLAINED HP JUMP] color: #f0f; font-weight: bold; HP jumped by 21.9 but regen only accounts for 0.1 UNEXPLAINED: 21.8

[undefined] undefined: %c[UNEXPLAINED HP JUMP] color: #f0f; font-weight: bold; HP jumped by 8.5 but regen only accounts for 0.0 UNEXPLAINED: 8.5

[undefined] undefined: %c[UNEXPLAINED HP JUMP] color: #f0f; font-weight: bold; HP jumped by 14.0 but regen only accounts for 0.0 UNEXPLAINED: 14.0

[undefined] undefined: %c[UNEXPLAINED HP JUMP] color: #f0f; font-weight: bold; HP jumped by 105.0 but regen only accounts for 0.0 UNEXPLAINED: 105.0

[undefined] undefined: %c[UNEXPLAINED HP JUMP] color: #f0f; font-weight: bold; HP jumped by 14.3 but regen only accounts for 0.0 UNEXPLAINED: 14.3

[undefined] undefined: %c[UNEXPLAINED HP JUMP] color: #f0f; font-weight: bold; HP jumped by 18.1 but regen only accounts for 0.0 UNEXPLAINED: 18.1

[undefined] undefined: %c[UNEXPLAINED HP JUMP] color: #f0f; font-weight: bold; HP jumped by 30.0 but regen only accounts for 0.0 UNEXPLAINED: 30.0

[undefined] undefined: %c[UNEXPLAINED HP JUMP] color: #f0f; font-weight: bold; HP jumped by 35.0 but regen only accounts for 0.0 UNEXPLAINED: 35.0

[undefined] undefined: %c[UNEXPLAINED HP JUMP] color: #f0f; font-weight: bold; HP jumped by 19.0 but regen only accounts for 0.0 UNEXPLAINED: 19.0

[undefined] undefined: %c[UNEXPLAINED HP JUMP] color: #f0f; font-weight: bold; HP jumped by 228.9 but regen only accounts for 0.1 UNEXPLAINED: 228.8

