Console Errors Log
======================================================================
Generated: 1/7/2026, 10:37:06 AM
Total Errors: 52

[undefined] undefined: %c[UNEXPLAINED HP JUMP] color: #f0f; font-weight: bold; HP jumped by 9.5 but regen only accounts for 0.0 UNEXPLAINED: 9.5

[undefined] undefined: %c[UNEXPLAINED HP JUMP] color: #f0f; font-weight: bold; HP jumped by 17.0 but regen only accounts for 0.0 UNEXPLAINED: 17.0

[undefined] undefined: %c[UNEXPLAINED HP JUMP] color: #f0f; font-weight: bold; HP jumped by 35.0 but regen only accounts for 0.0 UNEXPLAINED: 35.0

[undefined] undefined: %c[UNEXPLAINED HP JUMP] color: #f0f; font-weight: bold; HP jumped by 35.0 but regen only accounts for 0.0 UNEXPLAINED: 35.0

[undefined] undefined: %c[UNEXPLAINED HP JUMP] color: #f0f; font-weight: bold; HP jumped by 30.9 but regen only accounts for 0.0 UNEXPLAINED: 30.8

[undefined] undefined: %c[UNEXPLAINED HP JUMP] color: #f0f; font-weight: bold; HP jumped by 31.2 but regen only accounts for 0.0 UNEXPLAINED: 31.2

[undefined] undefined: %c[UNEXPLAINED HP JUMP] color: #f0f; font-weight: bold; HP jumped by 119.8 but regen only accounts for 0.0 UNEXPLAINED: 119.8

[undefined] undefined: %c[UNEXPLAINED HP JUMP] color: #f0f; font-weight: bold; HP jumped by 9.6 but regen only accounts for 0.0 UNEXPLAINED: 9.5

[undefined] undefined: %c[UNEXPLAINED HP JUMP] color: #f0f; font-weight: bold; HP jumped by 34.1 but regen only accounts for 0.0 UNEXPLAINED: 34.1

[undefined] undefined: %c[UNEXPLAINED HP JUMP] color: #f0f; font-weight: bold; HP jumped by 17.0 but regen only accounts for 0.0 UNEXPLAINED: 17.0

[undefined] undefined: %c[UNEXPLAINED HP JUMP] color: #f0f; font-weight: bold; HP jumped by 35.0 but regen only accounts for 0.0 UNEXPLAINED: 35.0

[undefined] undefined: %c[UNEXPLAINED HP JUMP] color: #f0f; font-weight: bold; HP jumped by 15.9 but regen only accounts for 0.0 UNEXPLAINED: 15.8

[undefined] undefined: %c[UNEXPLAINED HP JUMP] color: #f0f; font-weight: bold; HP jumped by 24.0 but regen only accounts for 0.0 UNEXPLAINED: 23.9

[undefined] undefined: %c[UNEXPLAINED HP JUMP] color: #f0f; font-weight: bold; HP jumped by 18.2 but regen only accounts for 0.0 UNEXPLAINED: 18.2

[undefined] undefined: %c[UNEXPLAINED HP JUMP] color: #f0f; font-weight: bold; HP jumped by 29.1 but regen only accounts for 0.0 UNEXPLAINED: 29.0

[undefined] undefined: %c[UNEXPLAINED HP JUMP] color: #f0f; font-weight: bold; HP jumped by 9.2 but regen only accounts for 0.0 UNEXPLAINED: 9.1

[undefined] undefined: %c[UNEXPLAINED HP JUMP] color: #f0f; font-weight: bold; HP jumped by 21.3 but regen only accounts for 0.0 UNEXPLAINED: 21.3

[undefined] undefined: %c[UNEXPLAINED HP JUMP] color: #f0f; font-weight: bold; HP jumped by 21.1 but regen only accounts for 0.0 UNEXPLAINED: 21.1

[undefined] undefined: %c[UNEXPLAINED HP JUMP] color: #f0f; font-weight: bold; HP jumped by 24.4 but regen only accounts for 0.0 UNEXPLAINED: 24.4

[undefined] undefined: %c[UNEXPLAINED HP JUMP] color: #f0f; font-weight: bold; HP jumped by 36.8 but regen only accounts for 0.0 UNEXPLAINED: 36.8

[undefined] undefined: %c[UNEXPLAINED HP JUMP] color: #f0f; font-weight: bold; HP jumped by 11.6 but regen only accounts for 0.0 UNEXPLAINED: 11.6

[undefined] undefined: %c[UNEXPLAINED HP JUMP] color: #f0f; font-weight: bold; HP jumped by 17.0 but regen only accounts for 0.0 UNEXPLAINED: 17.0

[undefined] undefined: %c[UNEXPLAINED HP JUMP] color: #f0f; font-weight: bold; HP jumped by 33.3 but regen only accounts for 0.0 UNEXPLAINED: 33.3

[undefined] undefined: %c[UNEXPLAINED HP JUMP] color: #f0f; font-weight: bold; HP jumped by 10.9 but regen only accounts for 0.0 UNEXPLAINED: 10.9

[undefined] undefined: %c[UNEXPLAINED HP JUMP] color: #f0f; font-weight: bold; HP jumped by 34.1 but regen only accounts for 0.0 UNEXPLAINED: 34.1

[undefined] undefined: %c[UNEXPLAINED HP JUMP] color: #f0f; font-weight: bold; HP jumped by 13.7 but regen only accounts for 0.0 UNEXPLAINED: 13.6

[undefined] undefined: %c[UNEXPLAINED HP JUMP] color: #f0f; font-weight: bold; HP jumped by 12.8 but regen only accounts for 0.0 UNEXPLAINED: 12.7

[undefined] undefined: %c[UNEXPLAINED HP JUMP] color: #f0f; font-weight: bold; HP jumped by 31.6 but regen only accounts for 0.0 UNEXPLAINED: 31.6

[undefined] undefined: %c[UNEXPLAINED HP JUMP] color: #f0f; font-weight: bold; HP jumped by 12.9 but regen only accounts for 0.0 UNEXPLAINED: 12.9

[undefined] undefined: %c[UNEXPLAINED HP JUMP] color: #f0f; font-weight: bold; HP jumped by 23.9 but regen only accounts for 0.0 UNEXPLAINED: 23.8

[undefined] undefined: %c[UNEXPLAINED HP JUMP] color: #f0f; font-weight: bold; HP jumped by 35.0 but regen only accounts for 0.0 UNEXPLAINED: 35.0

[undefined] undefined: %c[UNEXPLAINED HP JUMP] color: #f0f; font-weight: bold; HP jumped by 65.9 but regen only accounts for 0.0 UNEXPLAINED: 65.8

[undefined] undefined: %c[UNEXPLAINED HP JUMP] color: #f0f; font-weight: bold; HP jumped by 35.0 but regen only accounts for 0.0 UNEXPLAINED: 35.0

[undefined] undefined: %c[UNEXPLAINED HP JUMP] color: #f0f; font-weight: bold; HP jumped by 6.7 but regen only accounts for 0.0 UNEXPLAINED: 6.6

[undefined] undefined: %c[UNEXPLAINED HP JUMP] color: #f0f; font-weight: bold; HP jumped by 177.6 but regen only accounts for 0.0 UNEXPLAINED: 177.5

[undefined] undefined: %c[UNEXPLAINED HP JUMP] color: #f0f; font-weight: bold; HP jumped by 24.9 but regen only accounts for 0.1 UNEXPLAINED: 24.9

[undefined] undefined: %c[UNEXPLAINED HP JUMP] color: #f0f; font-weight: bold; HP jumped by 10.6 but regen only accounts for 0.1 UNEXPLAINED: 10.6

[undefined] undefined: %c[UNEXPLAINED HP JUMP] color: #f0f; font-weight: bold; HP jumped by 22.8 but regen only accounts for 0.0 UNEXPLAINED: 22.7

[undefined] undefined: %c[UNEXPLAINED HP JUMP] color: #f0f; font-weight: bold; HP jumped by 45.8 but regen only accounts for 0.1 UNEXPLAINED: 45.7

[undefined] undefined: %c[UNEXPLAINED HP JUMP] color: #f0f; font-weight: bold; HP jumped by 39.2 but regen only accounts for 0.0 UNEXPLAINED: 39.1

[undefined] undefined: %c[UNEXPLAINED HP JUMP] color: #f0f; font-weight: bold; HP jumped by 24.8 but regen only accounts for 0.1 UNEXPLAINED: 24.7

[undefined] undefined: %c[UNEXPLAINED HP JUMP] color: #f0f; font-weight: bold; HP jumped by 18.0 but regen only accounts for 0.1 UNEXPLAINED: 17.9

[undefined] undefined: hotkeys {}

[undefined] undefined: %c[UNEXPLAINED HP JUMP] color: #f0f; font-weight: bold; HP jumped by 35.4 but regen only accounts for 0.1 UNEXPLAINED: 35.4

[undefined] undefined: %c[UNEXPLAINED HP JUMP] color: #f0f; font-weight: bold; HP jumped by 24.9 but regen only accounts for 0.0 UNEXPLAINED: 24.9

[undefined] undefined: %c[UNEXPLAINED HP JUMP] color: #f0f; font-weight: bold; HP jumped by 15.9 but regen only accounts for 0.0 UNEXPLAINED: 15.9

[undefined] undefined: %c[UNEXPLAINED HP JUMP] color: #f0f; font-weight: bold; HP jumped by 35.5 but regen only accounts for 0.1 UNEXPLAINED: 35.4

[undefined] undefined: %c[UNEXPLAINED HP JUMP] color: #f0f; font-weight: bold; HP jumped by 35.4 but regen only accounts for 0.0 UNEXPLAINED: 35.4

[undefined] undefined: %c[UNEXPLAINED HP JUMP] color: #f0f; font-weight: bold; HP jumped by 24.9 but regen only accounts for 0.1 UNEXPLAINED: 24.9

[undefined] undefined: %c[UNEXPLAINED HP JUMP] color: #f0f; font-weight: bold; HP jumped by 25.0 but regen only accounts for 0.1 UNEXPLAINED: 24.9

[undefined] undefined: %c[UNEXPLAINED HP JUMP] color: #f0f; font-weight: bold; HP jumped by 25.0 but regen only accounts for 0.1 UNEXPLAINED: 24.9

[undefined] undefined: %c[UNEXPLAINED HP JUMP] color: #f0f; font-weight: bold; HP jumped by 26.8 but regen only accounts for 0.0 UNEXPLAINED: 26.8

